c:\users\juho\source\repos\ekknod_xyz\ec_pro\invite\efi_boot_loader\fw-patch-efi\fw_patch\x64\release\vc142.pdb
c:\users\juho\source\repos\ekknod_xyz\ec_pro\invite\efi_boot_loader\fw-patch-efi\fw_patch\x64\release\main.obj
c:\users\juho\source\repos\ekknod_xyz\ec_pro\invite\efi_boot_loader\fw-patch-efi\fw_patch\x64\release\crc32.obj
c:\users\juho\source\repos\ekknod_xyz\ec_pro\invite\efi_boot_loader\boot – experimental test\poc-driver\x64\release\vc142.pdb
c:\users\juho\source\repos\ekknod_xyz\ec_pro\invite\efi_boot_loader\boot – experimental test\poc-driver\x64\release\crc32.obj
c:\users\juho\source\repos\ekknod_xyz\ec_pro\invite\efi_boot_loader\boot – experimental test\poc-driver\x64\release\main.obj
c:\users\juho\source\repos\ekknod_xyz\ec_pro\invite\efi_boot_loader\fw-patch-efi\fw_patch\x64\release\fw_patch.lib
c:\users\juho\source\repos\ekknod_xyz\ec_pro\invite\efi_boot_loader\fw-patch-efi\fw_patch\x64\release\fw_patch.exp
c:\users\juho\source\repos\ekknod_xyz\ec_pro\invite\efi_boot_loader\boot – experimental test\poc-driver\x64\release\fw_patch.lib
c:\users\juho\source\repos\ekknod_xyz\ec_pro\invite\efi_boot_loader\boot – experimental test\poc-driver\x64\release\fw_patch.exp
c:\users\juho\source\repos\ekknod_xyz\ec_pro\invite\efi_boot_loader\fw-patch-efi\fw_patch\x64\release\fw_patch.sys
c:\users\juho\source\repos\ekknod_xyz\ec_pro\invite\efi_boot_loader\fw-patch-efi\fw_patch\x64\release\fw_patch.map
c:\users\juho\source\repos\ekknod_xyz\ec_pro\invite\efi_boot_loader\boot – experimental test\poc-driver\x64\release\fw_patch.sys
c:\users\juho\source\repos\ekknod_xyz\ec_pro\invite\efi_boot_loader\boot – experimental test\poc-driver\x64\release\fw_patch.map
c:\users\juho\source\repos\ekknod_xyz\ec_pro\invite\efi_boot_loader\boot – experimental test\poc-driver\x64\release\fw_patch.pdb
c:\users\juho\source\repos\ekknod_xyz\ec_pro\invite\efi_boot_loader\boot – experimental test\poc-driver\x64\release\fw_patch.tlog\cl.command.1.tlog
c:\users\juho\source\repos\ekknod_xyz\ec_pro\invite\efi_boot_loader\boot – experimental test\poc-driver\x64\release\fw_patch.tlog\cl.read.1.tlog
c:\users\juho\source\repos\ekknod_xyz\ec_pro\invite\efi_boot_loader\boot – experimental test\poc-driver\x64\release\fw_patch.tlog\cl.write.1.tlog
c:\users\juho\source\repos\ekknod_xyz\ec_pro\invite\efi_boot_loader\boot – experimental test\poc-driver\x64\release\fw_patch.tlog\fw_patch.write.1u.tlog
c:\users\juho\source\repos\ekknod_xyz\ec_pro\invite\efi_boot_loader\boot – experimental test\poc-driver\x64\release\fw_patch.tlog\link.command.1.tlog
c:\users\juho\source\repos\ekknod_xyz\ec_pro\invite\efi_boot_loader\boot – experimental test\poc-driver\x64\release\fw_patch.tlog\link.read.1.tlog
c:\users\juho\source\repos\ekknod_xyz\ec_pro\invite\efi_boot_loader\boot – experimental test\poc-driver\x64\release\fw_patch.tlog\link.write.1.tlog
